2026-03-18 10:50:03,499 - KnowledgeIndexer - INFO - KnowledgeIndexer initialized with source_root: /home/lesstanker/self/OS-expert
2026-03-18 10:50:03,499 - KnowledgeIndexer - INFO - Checking if indexing artifacts are ready...
2026-03-18 10:50:03,499 - KnowledgeIndexer - INFO - All indexing artifacts are ready.
2026-03-18 22:05:37,840 - KnowledgeIndexer - INFO - KnowledgeIndexer initialized with source_root: /home/lesstanker/self/OS-expert
2026-03-18 22:05:37,840 - KnowledgeIndexer - INFO - Checking if indexing artifacts are ready...
2026-03-18 22:05:37,840 - KnowledgeIndexer - INFO - All indexing artifacts are ready.
2026-03-18 22:12:12,225 - KnowledgeIndexer - INFO - KnowledgeIndexer initialized with source_root: /home/lesstanker/self/OS-expert
2026-03-18 22:12:12,225 - KnowledgeIndexer - INFO - Checking if indexing artifacts are ready...
2026-03-18 22:12:12,225 - KnowledgeIndexer - INFO - Force rebuild requested, rebuilding all artifacts...
2026-03-18 22:12:12,225 - KnowledgeIndexer - INFO - Starting complete indexing pipeline...
2026-03-18 22:12:12,226 - KnowledgeIndexer - INFO - Extracting code chunks from 49 compile database entries...
2026-03-18 22:12:13,786 - KnowledgeIndexer - INFO - Extracted 670 unique code elements from 45 files
2026-03-18 22:12:13,786 - KnowledgeIndexer - INFO - Building graph edges from 670 chunks and 49 compile db entries...
2026-03-18 22:12:14,670 - KnowledgeIndexer - INFO - Built 2654 edges from 49 processed entries
2026-03-18 22:12:14,691 - KnowledgeIndexer - INFO - Starting community detection...
2026-03-18 22:17:04,676 - KnowledgeIndexer - INFO - KnowledgeIndexer initialized with source_root: /home/lesstanker/self/OS-expert
2026-03-18 22:17:04,676 - KnowledgeIndexer - INFO - Checking if indexing artifacts are ready...
2026-03-18 22:17:04,676 - KnowledgeIndexer - INFO - Force rebuild requested, rebuilding all artifacts...
2026-03-18 22:17:04,676 - KnowledgeIndexer - INFO - Starting complete indexing pipeline...
2026-03-18 22:17:04,677 - KnowledgeIndexer - INFO - Extracting code chunks from 49 compile database entries...
2026-03-18 22:17:06,115 - KnowledgeIndexer - INFO - Extracted 670 unique code elements from 45 files
2026-03-18 22:17:06,115 - KnowledgeIndexer - INFO - Building graph edges from 670 chunks and 49 compile db entries...
2026-03-18 22:17:07,178 - KnowledgeIndexer - INFO - Built 2654 edges from 49 processed entries
2026-03-18 22:17:07,215 - KnowledgeIndexer - INFO - Starting community detection...
2026-03-18 22:18:54,840 - KnowledgeIndexer - INFO - Community detection completed
2026-03-18 22:18:54,840 - KnowledgeIndexer - INFO - Starting expert paths analysis...
2026-03-18 22:20:09,261 - KnowledgeIndexer - INFO - Expert paths analysis completed
2026-03-18 22:20:09,262 - KnowledgeIndexer - INFO - Building chunk embeddings...
2026-03-18 22:20:09,265 - KnowledgeIndexer - INFO - Processing 670 chunks for embeddings
2026-03-18 22:20:11,399 - KnowledgeIndexer - INFO - Chunk embeddings built: 670 chunks, dimension 384
2026-03-18 22:20:11,400 - KnowledgeIndexer - INFO - Building community embeddings...
2026-03-18 22:20:11,401 - KnowledgeIndexer - INFO - Processing 12 community summaries for embeddings
2026-03-18 22:20:11,449 - KnowledgeIndexer - INFO - Community embeddings built: 12 communities, dimension 384
2026-03-18 22:20:11,449 - KnowledgeIndexer - INFO - Indexing pipeline completed: 670 chunks, 2654 edges
2026-03-18 22:21:39,224 - KnowledgeIndexer - INFO - KnowledgeIndexer initialized with source_root: /home/lesstanker/self/OS-expert
2026-03-18 22:21:39,224 - KnowledgeIndexer - INFO - Checking if indexing artifacts are ready...
2026-03-18 22:21:39,224 - KnowledgeIndexer - INFO - All indexing artifacts are ready.
2026-03-19 18:26:20,817 - KnowledgeIndexer - INFO - KnowledgeIndexer initialized with source_root: /home/lesstanker/self/OS-expert
2026-03-19 18:26:20,818 - KnowledgeIndexer - INFO - Checking if indexing artifacts are ready...
2026-03-19 18:26:20,818 - KnowledgeIndexer - INFO - All indexing artifacts are ready.
2026-03-19 18:33:03,570 - KnowledgeIndexer - INFO - KnowledgeIndexer initialized with source_root: /home/lesstanker/self/OS-expert
2026-03-19 18:33:03,570 - KnowledgeIndexer - INFO - Checking if indexing artifacts are ready...
2026-03-19 18:33:03,570 - KnowledgeIndexer - INFO - All indexing artifacts are ready.
2026-03-19 18:36:10,683 - KnowledgeIndexer - INFO - KnowledgeIndexer initialized with source_root: /home/lesstanker/self/OS-expert
2026-03-19 18:36:10,683 - KnowledgeIndexer - INFO - Checking if indexing artifacts are ready...
2026-03-19 18:36:10,684 - KnowledgeIndexer - INFO - All indexing artifacts are ready.
2026-03-19 18:38:32,844 - KnowledgeIndexer - INFO - KnowledgeIndexer initialized with source_root: /home/lesstanker/self/OS-expert
2026-03-19 18:38:32,844 - KnowledgeIndexer - INFO - Checking if indexing artifacts are ready...
2026-03-19 18:38:32,844 - KnowledgeIndexer - INFO - All indexing artifacts are ready.
2026-03-19 19:16:49,618 - KnowledgeIndexer - INFO - KnowledgeIndexer initialized with source_root: /home/lesstanker/self/OS-expert
2026-03-19 19:16:49,618 - KnowledgeIndexer - INFO - Checking if indexing artifacts are ready...
2026-03-19 19:16:49,619 - KnowledgeIndexer - INFO - All indexing artifacts are ready.
2026-03-19 19:58:11,745 - KnowledgeIndexer - INFO - KnowledgeIndexer initialized with source_root: /home/lesstanker/self/OS-expert
2026-03-19 19:58:11,745 - KnowledgeIndexer - INFO - Checking if indexing artifacts are ready...
2026-03-19 19:58:11,745 - KnowledgeIndexer - INFO - All indexing artifacts are ready.
2026-03-19 20:06:53,244 - KnowledgeIndexer - INFO - KnowledgeIndexer initialized with source_root: /home/lesstanker/self/OS-expert
2026-03-19 20:06:53,244 - KnowledgeIndexer - INFO - Checking if indexing artifacts are ready...
2026-03-19 20:06:53,244 - KnowledgeIndexer - INFO - All indexing artifacts are ready.
2026-03-19 20:09:37,920 - KnowledgeIndexer - INFO - KnowledgeIndexer initialized with source_root: /home/lesstanker/self/OS-expert
2026-03-19 20:09:37,920 - KnowledgeIndexer - INFO - Checking if indexing artifacts are ready...
2026-03-19 20:09:37,920 - KnowledgeIndexer - INFO - All indexing artifacts are ready.
2026-03-20 11:19:40,733 - KnowledgeIndexer - INFO - KnowledgeIndexer initialized with source_root: /home/lesstanker/self/OS-expert
2026-03-20 11:19:40,733 - KnowledgeIndexer - INFO - Checking if indexing artifacts are ready...
2026-03-20 11:19:40,734 - KnowledgeIndexer - INFO - All indexing artifacts are ready.
[2026-03-20 14:36:03] [INFO] KnowledgeIndexer: KnowledgeIndexer initialized with source_root: /home/lesstanker/self/OS-expert
[2026-03-20 14:36:03] [INFO] KnowledgeIndexer: Checking if indexing artifacts are ready...
[2026-03-20 14:36:03] [INFO] KnowledgeIndexer: All indexing artifacts are ready.
[2026-03-20 15:12:12] [INFO] KnowledgeIndexer: KnowledgeIndexer initialized with source_root: /home/lesstanker/self/OS-expert
[2026-03-20 15:41:30] [INFO] KnowledgeIndexer: KnowledgeIndexer initialized with source_root: /home/lesstanker/self/OS-expert
[2026-03-20 15:41:30] [INFO] KnowledgeIndexer: Checking if indexing artifacts are ready...
[2026-03-20 15:41:30] [INFO] KnowledgeIndexer: All indexing artifacts are ready.
[2026-03-20 15:44:04] [INFO] KnowledgeIndexer: KnowledgeIndexer initialized with source_root: /home/lesstanker/self/OS-expert
[2026-03-20 15:44:04] [INFO] KnowledgeIndexer: Checking if indexing artifacts are ready...
[2026-03-20 15:44:04] [INFO] KnowledgeIndexer: All indexing artifacts are ready.
[2026-03-20 19:11:36] [INFO] KnowledgeIndexer: KnowledgeIndexer initialized with source_root: /home/lesstanker/self/OS-expert
[2026-03-20 19:11:36] [INFO] KnowledgeIndexer: Checking if indexing artifacts are ready...
[2026-03-20 19:11:36] [INFO] KnowledgeIndexer: All indexing artifacts are ready.
[2026-03-20 19:13:02] [INFO] KnowledgeIndexer: KnowledgeIndexer initialized with source_root: /home/lesstanker/self/OS-expert
[2026-03-20 19:13:02] [INFO] KnowledgeIndexer: Checking if indexing artifacts are ready...
[2026-03-20 19:13:02] [INFO] KnowledgeIndexer: All indexing artifacts are ready.
[2026-03-22 22:52:02] [INFO] KnowledgeIndexer: KnowledgeIndexer initialized with source_root: /home/lesstanker/self/OS-expert
[2026-03-22 22:52:02] [INFO] KnowledgeIndexer: Checking if indexing artifacts are ready...
[2026-03-22 22:52:02] [INFO] KnowledgeIndexer: Force rebuild requested, rebuilding all artifacts...
[2026-03-22 22:52:02] [INFO] KnowledgeIndexer: Starting complete indexing pipeline...
[2026-03-22 22:55:49] [INFO] KnowledgeIndexer: KnowledgeIndexer initialized with source_root: /home/lesstanker/self/OS-expert
[2026-03-22 22:55:49] [INFO] KnowledgeIndexer: Checking if indexing artifacts are ready...
[2026-03-22 22:55:49] [INFO] KnowledgeIndexer: Force rebuild requested, rebuilding all artifacts...
[2026-03-22 22:55:49] [INFO] KnowledgeIndexer: Starting complete indexing pipeline...
[2026-03-22 23:03:33] [INFO] KnowledgeIndexer: KnowledgeIndexer initialized with source_root: /home/lesstanker/self/OS-expert
[2026-03-22 23:03:33] [INFO] KnowledgeIndexer: Checking if indexing artifacts are ready...
[2026-03-22 23:03:33] [INFO] KnowledgeIndexer: Force rebuild requested, rebuilding all artifacts...
[2026-03-22 23:03:33] [INFO] KnowledgeIndexer: Starting complete indexing pipeline...
[2026-03-22 23:09:11] [INFO] KnowledgeIndexer: KnowledgeIndexer initialized with source_root: /home/lesstanker/self/OS-expert
[2026-03-22 23:09:11] [INFO] KnowledgeIndexer: Checking if indexing artifacts are ready...
[2026-03-22 23:09:11] [INFO] KnowledgeIndexer: Force rebuild requested, rebuilding all artifacts...
[2026-03-22 23:09:11] [INFO] KnowledgeIndexer: Starting complete indexing pipeline...
[2026-03-23 09:15:32] [INFO] KnowledgeIndexer: KnowledgeIndexer initialized with source_root: /home/lesstanker/self/OS-expert
[2026-03-23 09:15:32] [INFO] KnowledgeIndexer: Checking if indexing artifacts are ready...
[2026-03-23 09:15:32] [INFO] KnowledgeIndexer: Force rebuild requested, rebuilding all artifacts...
[2026-03-23 09:15:32] [INFO] KnowledgeIndexer: Starting complete indexing pipeline...
[2026-03-23 09:20:32] [INFO] KnowledgeIndexer: KnowledgeIndexer initialized with source_root: /home/lesstanker/self/OS-expert
[2026-03-23 09:20:32] [INFO] KnowledgeIndexer: Checking if indexing artifacts are ready...
[2026-03-23 09:20:32] [INFO] KnowledgeIndexer: Force rebuild requested, rebuilding all artifacts...
[2026-03-23 09:20:32] [INFO] KnowledgeIndexer: Starting complete indexing pipeline...
[2026-03-23 12:55:44] [INFO] KnowledgeIndexer: KnowledgeIndexer initialized with source_root: /home/lesstanker/self/OS-expert
[2026-03-23 12:55:44] [INFO] KnowledgeIndexer: Checking if indexing artifacts are ready...
[2026-03-23 12:55:44] [INFO] KnowledgeIndexer: Force rebuild requested, rebuilding all artifacts...
[2026-03-23 12:55:44] [INFO] KnowledgeIndexer: Starting complete indexing pipeline...
[2026-03-23 12:58:09] [INFO] KnowledgeIndexer: KnowledgeIndexer initialized with source_root: /home/lesstanker/self/OS-expert
[2026-03-23 12:58:09] [INFO] KnowledgeIndexer: Checking if indexing artifacts are ready...
[2026-03-23 12:58:09] [INFO] KnowledgeIndexer: Force rebuild requested, rebuilding all artifacts...
[2026-03-23 12:58:09] [INFO] KnowledgeIndexer: Starting complete indexing pipeline...
[2026-03-23 13:00:14] [INFO] KnowledgeIndexer: KnowledgeIndexer initialized with source_root: /home/lesstanker/self/OS-expert
[2026-03-23 13:00:14] [INFO] KnowledgeIndexer: Checking if indexing artifacts are ready...
[2026-03-23 13:00:14] [INFO] KnowledgeIndexer: Force rebuild requested, rebuilding all artifacts...
[2026-03-23 13:00:14] [INFO] KnowledgeIndexer: Starting complete indexing pipeline...
[2026-03-23 13:02:43] [INFO] KnowledgeIndexer: KnowledgeIndexer initialized with source_root: /home/lesstanker/self/OS-expert
[2026-03-23 13:02:43] [INFO] KnowledgeIndexer: Checking if indexing artifacts are ready...
[2026-03-23 13:02:43] [INFO] KnowledgeIndexer: Force rebuild requested, rebuilding all artifacts...
[2026-03-23 13:02:43] [INFO] KnowledgeIndexer: Starting complete indexing pipeline...
[2026-03-23 13:05:58] [INFO] KnowledgeIndexer: KnowledgeIndexer initialized with source_root: /home/lesstanker/self/OS-expert
[2026-03-23 13:05:58] [INFO] KnowledgeIndexer: Checking if indexing artifacts are ready...
[2026-03-23 13:05:58] [INFO] KnowledgeIndexer: Force rebuild requested, rebuilding all artifacts...
[2026-03-23 13:05:58] [INFO] KnowledgeIndexer: Starting complete indexing pipeline...
[2026-03-23 13:11:16] [INFO] KnowledgeIndexer: KnowledgeIndexer initialized with source_root: /home/lesstanker/self/OS-expert
[2026-03-23 13:11:16] [INFO] KnowledgeIndexer: Checking if indexing artifacts are ready...
[2026-03-23 13:11:16] [INFO] KnowledgeIndexer: Force rebuild requested, rebuilding all artifacts...
[2026-03-23 13:11:16] [INFO] KnowledgeIndexer: Starting complete indexing pipeline...
[2026-03-23 13:13:32] [INFO] KnowledgeIndexer: KnowledgeIndexer initialized with source_root: /home/lesstanker/self/OS-expert
[2026-03-23 13:13:32] [INFO] KnowledgeIndexer: Checking if indexing artifacts are ready...
[2026-03-23 13:13:32] [INFO] KnowledgeIndexer: Force rebuild requested, rebuilding all artifacts...
[2026-03-23 13:13:32] [INFO] KnowledgeIndexer: Starting complete indexing pipeline...
[2026-03-23 13:13:41] [INFO] KnowledgeIndexer: Starting community detection...
[2026-03-23 13:13:41] [INFO] KnowledgeIndexer: Community detection completed
[2026-03-23 13:13:41] [INFO] KnowledgeIndexer: Starting expert paths analysis...
[2026-03-23 13:16:18] [INFO] KnowledgeIndexer: KnowledgeIndexer initialized with source_root: /home/lesstanker/self/OS-expert
[2026-03-23 13:16:18] [INFO] KnowledgeIndexer: Checking if indexing artifacts are ready...
[2026-03-23 13:16:18] [INFO] KnowledgeIndexer: Force rebuild requested, rebuilding all artifacts...
[2026-03-23 13:16:18] [INFO] KnowledgeIndexer: Starting complete indexing pipeline...
[2026-03-23 13:16:25] [INFO] KnowledgeIndexer: Starting community detection...
[2026-03-23 13:16:25] [INFO] KnowledgeIndexer: Community detection completed
[2026-03-23 13:16:25] [INFO] KnowledgeIndexer: Starting expert paths analysis...
[2026-03-23 13:19:31] [INFO] KnowledgeIndexer: KnowledgeIndexer initialized with source_root: /home/lesstanker/self/OS-expert
[2026-03-23 13:19:31] [INFO] KnowledgeIndexer: Checking if indexing artifacts are ready...
[2026-03-23 13:19:31] [INFO] KnowledgeIndexer: Force rebuild requested, rebuilding all artifacts...
[2026-03-23 13:19:31] [INFO] KnowledgeIndexer: Starting complete indexing pipeline...
[2026-03-23 13:19:40] [INFO] KnowledgeIndexer: Starting community detection...
[2026-03-23 13:19:40] [INFO] KnowledgeIndexer: Community detection completed
[2026-03-23 13:19:40] [INFO] KnowledgeIndexer: Starting expert paths analysis...
[2026-03-23 13:26:35] [INFO] KnowledgeIndexer: KnowledgeIndexer initialized with source_root: /home/lesstanker/self/OS-expert
[2026-03-23 13:26:35] [INFO] KnowledgeIndexer: Checking if indexing artifacts are ready...
[2026-03-23 13:26:35] [INFO] KnowledgeIndexer: Force rebuild requested, rebuilding all artifacts...
[2026-03-23 13:26:35] [INFO] KnowledgeIndexer: Starting complete indexing pipeline...
[2026-03-23 13:30:33] [INFO] KnowledgeIndexer: KnowledgeIndexer initialized with source_root: /home/lesstanker/self/OS-expert
[2026-03-23 13:30:33] [INFO] KnowledgeIndexer: Checking if indexing artifacts are ready...
[2026-03-23 13:30:33] [INFO] KnowledgeIndexer: Force rebuild requested, rebuilding all artifacts...
[2026-03-23 13:30:33] [INFO] KnowledgeIndexer: Starting complete indexing pipeline...
[2026-03-23 13:33:18] [INFO] KnowledgeIndexer: KnowledgeIndexer initialized with source_root: /home/lesstanker/self/OS-expert
[2026-03-23 13:33:18] [INFO] KnowledgeIndexer: Checking if indexing artifacts are ready...
[2026-03-23 13:33:18] [INFO] KnowledgeIndexer: Force rebuild requested, rebuilding all artifacts...
[2026-03-23 13:33:18] [INFO] KnowledgeIndexer: Starting complete indexing pipeline...
[2026-03-23 14:14:34] [INFO] KnowledgeIndexer: KnowledgeIndexer initialized with source_root: /home/lesstanker/self/OS-expert
[2026-03-23 14:14:34] [INFO] KnowledgeIndexer: Checking if indexing artifacts are ready...
[2026-03-23 14:14:34] [INFO] KnowledgeIndexer: Force rebuild requested, rebuilding all artifacts...
[2026-03-23 14:14:34] [INFO] KnowledgeIndexer: Starting complete indexing pipeline...
[2026-03-23 14:17:12] [INFO] KnowledgeIndexer: KnowledgeIndexer initialized with source_root: /home/lesstanker/self/OS-expert
[2026-03-23 14:17:12] [INFO] KnowledgeIndexer: Checking if indexing artifacts are ready...
[2026-03-23 14:17:12] [INFO] KnowledgeIndexer: Force rebuild requested, rebuilding all artifacts...
[2026-03-23 14:17:12] [INFO] KnowledgeIndexer: Starting complete indexing pipeline...
[2026-03-23 14:17:22] [INFO] KnowledgeIndexer: Starting community detection...
[2026-03-23 14:17:22] [INFO] KnowledgeIndexer: Community detection completed
[2026-03-23 14:17:22] [INFO] KnowledgeIndexer: Starting expert paths analysis...
[2026-03-23 14:38:00] [INFO] KnowledgeIndexer: KnowledgeIndexer initialized with source_root: /home/lesstanker/self/OS-expert
[2026-03-23 14:38:00] [INFO] KnowledgeIndexer: Checking if indexing artifacts are ready...
[2026-03-23 14:38:00] [INFO] KnowledgeIndexer: Force rebuild requested, rebuilding all artifacts...
[2026-03-23 14:38:00] [INFO] KnowledgeIndexer: Starting complete indexing pipeline...
[2026-03-23 14:38:10] [INFO] KnowledgeIndexer: Starting community detection...
[2026-03-23 14:39:46] [INFO] KnowledgeIndexer: KnowledgeIndexer initialized with source_root: /home/lesstanker/self/OS-expert
[2026-03-23 14:39:46] [INFO] KnowledgeIndexer: Checking if indexing artifacts are ready...
[2026-03-23 14:39:46] [INFO] KnowledgeIndexer: Force rebuild requested, rebuilding all artifacts...
[2026-03-23 14:39:46] [INFO] KnowledgeIndexer: Starting complete indexing pipeline...
[2026-03-23 14:39:57] [INFO] KnowledgeIndexer: Starting community detection...
[2026-03-23 15:29:01] [INFO] KnowledgeIndexer: KnowledgeIndexer initialized with source_root: /home/lesstanker/self/OS-expert
[2026-03-23 15:29:01] [INFO] KnowledgeIndexer: Checking if indexing artifacts are ready...
[2026-03-23 15:29:01] [INFO] KnowledgeIndexer: Force rebuild requested, rebuilding all artifacts...
[2026-03-23 15:29:01] [INFO] KnowledgeIndexer: Starting complete indexing pipeline...
[2026-03-23 15:29:13] [INFO] KnowledgeIndexer: Starting community detection...
[2026-03-23 16:50:22] [INFO] KnowledgeIndexer: KnowledgeIndexer initialized with source_root: /home/lesstanker/self/OS-expert
[2026-03-23 16:50:22] [INFO] KnowledgeIndexer: Checking if indexing artifacts are ready...
[2026-03-23 16:50:22] [INFO] KnowledgeIndexer: Force rebuild requested, rebuilding all artifacts...
[2026-03-23 16:50:22] [INFO] KnowledgeIndexer: Starting complete indexing pipeline...
[2026-03-23 16:50:33] [INFO] KnowledgeIndexer: Starting community detection...
[2026-03-23 17:02:49] [INFO] KnowledgeIndexer: KnowledgeIndexer initialized with source_root: /home/lesstanker/self/OS-expert
[2026-03-23 17:02:49] [INFO] KnowledgeIndexer: Checking if indexing artifacts are ready...
[2026-03-23 17:02:49] [INFO] KnowledgeIndexer: Force rebuild requested, rebuilding all artifacts...
[2026-03-23 17:02:49] [INFO] KnowledgeIndexer: Starting complete indexing pipeline...
[2026-03-23 17:05:07] [INFO] KnowledgeIndexer: KnowledgeIndexer initialized with source_root: /home/lesstanker/self/OS-expert
[2026-03-23 17:05:07] [INFO] KnowledgeIndexer: Checking if indexing artifacts are ready...
[2026-03-23 17:05:07] [INFO] KnowledgeIndexer: Force rebuild requested, rebuilding all artifacts...
[2026-03-23 17:05:07] [INFO] KnowledgeIndexer: Starting complete indexing pipeline...
[2026-03-23 17:10:24] [INFO] KnowledgeIndexer: KnowledgeIndexer initialized with source_root: /home/lesstanker/self/OS-expert
[2026-03-23 17:10:24] [INFO] KnowledgeIndexer: Checking if indexing artifacts are ready...
[2026-03-23 17:10:24] [INFO] KnowledgeIndexer: Force rebuild requested, rebuilding all artifacts...
[2026-03-23 17:10:24] [INFO] KnowledgeIndexer: Starting complete indexing pipeline...
[2026-03-23 17:11:45] [INFO] KnowledgeIndexer: KnowledgeIndexer initialized with source_root: /home/lesstanker/self/OS-expert
[2026-03-23 17:11:45] [INFO] KnowledgeIndexer: Checking if indexing artifacts are ready...
[2026-03-23 17:11:45] [INFO] KnowledgeIndexer: Force rebuild requested, rebuilding all artifacts...
[2026-03-23 17:11:45] [INFO] KnowledgeIndexer: Starting complete indexing pipeline...
[2026-03-23 18:12:48] [INFO] KnowledgeIndexer: KnowledgeIndexer initialized with source_root: /home/lesstanker/self/OS-expert
[2026-03-23 18:12:48] [INFO] KnowledgeIndexer: Checking if indexing artifacts are ready...
[2026-03-23 18:12:48] [INFO] KnowledgeIndexer: Force rebuild requested, rebuilding all artifacts...
[2026-03-23 18:12:48] [INFO] KnowledgeIndexer: Starting complete indexing pipeline...
[2026-03-23 18:18:01] [INFO] KnowledgeIndexer: KnowledgeIndexer initialized with source_root: /home/lesstanker/self/OS-expert
[2026-03-23 18:18:01] [INFO] KnowledgeIndexer: Checking if indexing artifacts are ready...
[2026-03-23 18:18:01] [INFO] KnowledgeIndexer: Force rebuild requested, rebuilding all artifacts...
[2026-03-23 18:18:01] [INFO] KnowledgeIndexer: Starting complete indexing pipeline...
[2026-03-23 18:18:12] [INFO] KnowledgeIndexer: Starting community detection...
[2026-03-23 18:20:50] [INFO] KnowledgeIndexer: KnowledgeIndexer initialized with source_root: /home/lesstanker/self/OS-expert
[2026-03-23 18:20:50] [INFO] KnowledgeIndexer: Checking if indexing artifacts are ready...
[2026-03-23 18:20:50] [INFO] KnowledgeIndexer: Force rebuild requested, rebuilding all artifacts...
[2026-03-23 18:20:50] [INFO] KnowledgeIndexer: Starting complete indexing pipeline...
[2026-03-23 18:25:53] [INFO] KnowledgeIndexer: KnowledgeIndexer initialized with source_root: /home/lesstanker/self/OS-expert
[2026-03-23 18:25:53] [INFO] KnowledgeIndexer: Checking if indexing artifacts are ready...
[2026-03-23 18:25:53] [INFO] KnowledgeIndexer: Force rebuild requested, rebuilding all artifacts...
[2026-03-23 18:25:53] [INFO] KnowledgeIndexer: Starting complete indexing pipeline...
[2026-03-23 18:27:37] [INFO] KnowledgeIndexer: Starting community detection...
[2026-03-24 09:21:54] [INFO] KnowledgeIndexer: KnowledgeIndexer initialized with source_root: /home/lesstanker/self/OS-expert
[2026-03-24 09:21:54] [INFO] KnowledgeIndexer: Checking if indexing artifacts are ready...
[2026-03-24 09:21:54] [INFO] KnowledgeIndexer: Force rebuild requested, rebuilding all artifacts...
[2026-03-24 09:21:54] [INFO] KnowledgeIndexer: Starting complete indexing pipeline...
[2026-03-24 10:39:20] [INFO] KnowledgeIndexer: KnowledgeIndexer initialized with source_root: /home/lesstanker/self/OS-expert
[2026-03-24 10:39:20] [INFO] KnowledgeIndexer: Checking if indexing artifacts are ready...
[2026-03-24 10:39:20] [INFO] KnowledgeIndexer: Force rebuild requested, rebuilding all artifacts...
[2026-03-24 10:39:20] [INFO] KnowledgeIndexer: Starting complete indexing pipeline...
[2026-03-24 10:57:34] [INFO] KnowledgeIndexer: KnowledgeIndexer initialized with source_root: /home/lesstanker/self/OS-expert
[2026-03-24 10:57:34] [INFO] KnowledgeIndexer: Checking if indexing artifacts are ready...
[2026-03-24 10:57:34] [INFO] KnowledgeIndexer: Force rebuild requested, rebuilding all artifacts...
[2026-03-24 10:57:34] [INFO] KnowledgeIndexer: Starting complete indexing pipeline...
[2026-03-24 10:59:27] [INFO] KnowledgeIndexer: KnowledgeIndexer initialized with source_root: /home/lesstanker/self/OS-expert
[2026-03-24 10:59:27] [INFO] KnowledgeIndexer: Checking if indexing artifacts are ready...
[2026-03-24 10:59:27] [INFO] KnowledgeIndexer: Force rebuild requested, rebuilding all artifacts...
[2026-03-24 10:59:27] [INFO] KnowledgeIndexer: Starting complete indexing pipeline...
[2026-03-24 11:04:23] [INFO] KnowledgeIndexer: KnowledgeIndexer initialized with source_root: /home/lesstanker/self/OS-expert
[2026-03-24 11:04:23] [INFO] KnowledgeIndexer: Checking if indexing artifacts are ready...
[2026-03-24 11:04:23] [INFO] KnowledgeIndexer: Force rebuild requested, rebuilding all artifacts...
[2026-03-24 11:04:23] [INFO] KnowledgeIndexer: Starting complete indexing pipeline...
[2026-03-24 11:06:12] [INFO] KnowledgeIndexer: KnowledgeIndexer initialized with source_root: /home/lesstanker/self/OS-expert
[2026-03-24 11:06:12] [INFO] KnowledgeIndexer: Checking if indexing artifacts are ready...
[2026-03-24 11:06:12] [INFO] KnowledgeIndexer: Force rebuild requested, rebuilding all artifacts...
[2026-03-24 11:06:12] [INFO] KnowledgeIndexer: Starting complete indexing pipeline...
[2026-03-24 11:10:15] [INFO] KnowledgeIndexer: KnowledgeIndexer initialized with source_root: /home/lesstanker/self/OS-expert
[2026-03-24 11:10:15] [INFO] KnowledgeIndexer: Checking if indexing artifacts are ready...
[2026-03-24 11:10:15] [INFO] KnowledgeIndexer: Force rebuild requested, rebuilding all artifacts...
[2026-03-24 11:10:15] [INFO] KnowledgeIndexer: Starting complete indexing pipeline...
[2026-03-24 11:11:36] [INFO] KnowledgeIndexer: KnowledgeIndexer initialized with source_root: /home/lesstanker/self/OS-expert
[2026-03-24 11:11:36] [INFO] KnowledgeIndexer: Checking if indexing artifacts are ready...
[2026-03-24 11:11:36] [INFO] KnowledgeIndexer: Force rebuild requested, rebuilding all artifacts...
[2026-03-24 11:11:36] [INFO] KnowledgeIndexer: Starting complete indexing pipeline...
[2026-03-24 11:13:03] [INFO] KnowledgeIndexer: KnowledgeIndexer initialized with source_root: /home/lesstanker/self/OS-expert
[2026-03-24 11:13:03] [INFO] KnowledgeIndexer: Checking if indexing artifacts are ready...
[2026-03-24 11:13:03] [INFO] KnowledgeIndexer: Force rebuild requested, rebuilding all artifacts...
[2026-03-24 11:13:03] [INFO] KnowledgeIndexer: Starting complete indexing pipeline...
[2026-03-24 11:14:55] [INFO] KnowledgeIndexer: KnowledgeIndexer initialized with source_root: /home/lesstanker/self/OS-expert
[2026-03-24 11:14:55] [INFO] KnowledgeIndexer: Checking if indexing artifacts are ready...
[2026-03-24 11:14:55] [INFO] KnowledgeIndexer: Force rebuild requested, rebuilding all artifacts...
[2026-03-24 11:14:55] [INFO] KnowledgeIndexer: Starting complete indexing pipeline...
[2026-03-24 11:31:18] [INFO] KnowledgeIndexer: KnowledgeIndexer initialized with source_root: /home/lesstanker/self/OS-expert
[2026-03-24 11:31:18] [INFO] KnowledgeIndexer: Checking if indexing artifacts are ready...
[2026-03-24 11:31:18] [INFO] KnowledgeIndexer: Force rebuild requested, rebuilding all artifacts...
[2026-03-24 11:31:18] [INFO] KnowledgeIndexer: Starting complete indexing pipeline...
[2026-03-24 11:31:30] [INFO] KnowledgeIndexer: Starting community detection...
